<?xml version="1.0" encoding="UTF-8"?>
<!-- Generated by org.testng.reporters.JUnitReportReporter -->
<testsuite hostname="LAPTOP-TKD45B3R" failures="0" tests="1" name="functionalTest.GetEmployeesTest" time="1.439" errors="0" timestamp="2023-03-23T22:26:52 EDT" skipped="0">
  <testcase classname="functionalTest.GetEmployeesTest" name="getPlayersValidation" time="1.439"/>
  <system-out/>
</testsuite> <!-- functionalTest.GetEmployeesTest -->
