<?xml version="1.0" encoding="UTF-8"?>
<!-- Generated by org.testng.reporters.JUnitReportReporter -->
<testsuite hostname="LAPTOP-TKD45B3R" failures="0" tests="3" name="functionalTest.GetStudentCodeTest" time="1.366" errors="0" timestamp="2023-03-23T22:25:43 EDT" skipped="2">
  <testcase classname="functionalTest.GetStudentCodeTest" name="getStudentCode" time="1.366"/>
  <system-out/>
  <testcase classname="functionalTest.GetStudentCodeTest" name="responValidation">
    <skipped/>
  </testcase> <!-- responValidation -->
  <system-out/>
  <testcase classname="functionalTest.GetStudentCodeTest" name="getStudentCodeById">
    <skipped/>
  </testcase> <!-- getStudentCodeById -->
  <system-out/>
</testsuite> <!-- functionalTest.GetStudentCodeTest -->
