<?xml version="1.0" encoding="UTF-8"?>
<!-- Generated by org.testng.reporters.JUnitReportReporter -->
<testsuite hostname="LAPTOP-TKD45B3R" failures="0" tests="3" name="Unit_Test.Post_Test" time="1.591" errors="0" timestamp="2023-03-20T21:35:12 EDT" skipped="2">
  <testcase classname="Unit_Test.Post_Test" name="postTestMapBody" time="1.591"/>
  <system-out/>
  <testcase classname="Unit_Test.Post_Test" name="PostTest">
    <skipped/>
  </testcase> <!-- PostTest -->
  <system-out/>
  <testcase classname="Unit_Test.Post_Test" name="PostTestByByteBody">
    <skipped/>
  </testcase> <!-- PostTestByByteBody -->
  <system-out/>
</testsuite> <!-- Unit_Test.Post_Test -->
