<?xml version="1.0" encoding="UTF-8"?>
<!-- Generated by org.testng.reporters.JUnitReportReporter -->
<testsuite hostname="LAPTOP-TKD45B3R" failures="0" tests="6" name="Unit_Test.Get_Test" time="1.951" errors="0" timestamp="2023-03-19T01:36:48 EDT" skipped="5">
  <testcase classname="Unit_Test.Get_Test" name="getEmployeeResponseValidation" time="1.951"/>
  <system-out/>
  <testcase classname="Unit_Test.Get_Test" name="getEmployeeVar">
    <skipped/>
  </testcase> <!-- getEmployeeVar -->
  <system-out/>
  <testcase classname="Unit_Test.Get_Test" name="getEmployeeResponseCodeValidationNegativeTest404">
    <skipped/>
  </testcase> <!-- getEmployeeResponseCodeValidationNegativeTest404 -->
  <system-out/>
  <testcase classname="Unit_Test.Get_Test" name="getEmployeeResponseCodeValidation">
    <skipped/>
  </testcase> <!-- getEmployeeResponseCodeValidation -->
  <system-out/>
  <testcase classname="Unit_Test.Get_Test" name="getEmployeePretty">
    <skipped/>
  </testcase> <!-- getEmployeePretty -->
  <system-out/>
  <testcase classname="Unit_Test.Get_Test" name="getEmployeeLogs">
    <skipped/>
  </testcase> <!-- getEmployeeLogs -->
  <system-out/>
</testsuite> <!-- Unit_Test.Get_Test -->
