<?xml version="1.0" encoding="UTF-8"?>
<!-- Generated by org.testng.reporters.JUnitReportReporter -->
<testsuite hostname="LAPTOP-TKD45B3R" failures="0" tests="1" name="Unit_Test.PutTest" time="1.063" errors="0" timestamp="2023-03-20T22:03:33 EDT" skipped="0">
  <testcase classname="Unit_Test.PutTest" name="putTest" time="1.063"/>
  <system-out/>
</testsuite> <!-- Unit_Test.PutTest -->
