<?xml version="1.0" encoding="UTF-8"?>
<!-- Generated by org.testng.reporters.JUnitReportReporter -->
<testsuite hostname="LAPTOP-TKD45B3R" failures="0" tests="1" name="Unit_Test.DeleteTest" time="1.482" errors="0" timestamp="2023-03-20T23:15:19 EDT" skipped="0">
  <testcase classname="Unit_Test.DeleteTest" name="deleteTest" time="1.482"/>
  <system-out/>
</testsuite> <!-- Unit_Test.DeleteTest -->
